[02-Apr-2013 10:56:53 UTC] PHP Notice:  Undefined variable: lang in /var/www/ulearn/branches/development/views/StudentViews/StudentView.php on line 8
[02-Apr-2013 10:56:53 UTC] PHP Notice:  Trying to get property of non-object in /var/www/ulearn/branches/development/views/StudentViews/StudentView.php on line 8
[02-Apr-2013 10:56:53 UTC] PHP Notice:  Undefined variable: viewName in /var/www/ulearn/branches/development/views/StudentViews/StudentView.php on line 51
[02-Apr-2013 10:56:53 UTC] PHP Notice:  Undefined variable: viewName in /var/www/ulearn/branches/development/views/StudentViews/StudentView.php on line 55
[02-Apr-2013 10:56:53 UTC] PHP Notice:  Undefined variable: viewName in /var/www/ulearn/branches/development/views/StudentViews/StudentView.php on line 59
[02-Apr-2013 10:56:53 UTC] PHP Notice:  Undefined variable: viewName in /var/www/ulearn/branches/development/views/StudentViews/StudentView.php on line 63
[02-Apr-2013 10:56:53 UTC] PHP Notice:  Undefined variable: viewName in /var/www/ulearn/branches/development/views/StudentViews/StudentView.php on line 69
[02-Apr-2013 10:57:04 UTC] PHP Notice:  Undefined variable: adminprofiledata in /var/www/ulearn/branches/development/views/AdminViews/AdminProfileView.php on line 19
[02-Apr-2013 10:57:06 UTC] PHP Notice:  Undefined variable: adminprofiledata in /var/www/ulearn/branches/development/views/AdminViews/AdminProfileView.php on line 19
[02-Apr-2013 10:57:10 UTC] PHP Notice:  Undefined variable: lang in /var/www/ulearn/branches/development/views/TeacherViews/TeacherView.php on line 8
[02-Apr-2013 10:57:10 UTC] PHP Notice:  Trying to get property of non-object in /var/www/ulearn/branches/development/views/TeacherViews/TeacherView.php on line 8
[02-Apr-2013 10:57:12 UTC] PHP Notice:  Undefined variable: lang in /var/www/ulearn/branches/development/views/TeacherViews/TeacherView.php on line 8
[02-Apr-2013 10:57:12 UTC] PHP Notice:  Trying to get property of non-object in /var/www/ulearn/branches/development/views/TeacherViews/TeacherView.php on line 8
[02-Apr-2013 11:06:20 UTC] PHP Notice:  Undefined variable: lang in /var/www/ulearn/branches/development/views/RegistrationView.php on line 6
[02-Apr-2013 11:06:20 UTC] PHP Notice:  Trying to get property of non-object in /var/www/ulearn/branches/development/views/RegistrationView.php on line 6
[02-Apr-2013 11:06:27 UTC] PHP Notice:  Undefined variable: lang in /var/www/ulearn/branches/development/views/RegistrationView.php on line 6
[02-Apr-2013 11:06:27 UTC] PHP Notice:  Trying to get property of non-object in /var/www/ulearn/branches/development/views/RegistrationView.php on line 6
[02-Apr-2013 11:06:31 UTC] PHP Notice:  Undefined variable: lang in /var/www/ulearn/branches/development/views/RegistrationView.php on line 6
[02-Apr-2013 11:06:31 UTC] PHP Notice:  Trying to get property of non-object in /var/www/ulearn/branches/development/views/RegistrationView.php on line 6
[02-Apr-2013 11:07:11 UTC] PHP Notice:  Undefined variable: lang in /var/www/ulearn/branches/development/views/TeacherViews/TeacherView.php on line 8
[02-Apr-2013 11:07:11 UTC] PHP Notice:  Trying to get property of non-object in /var/www/ulearn/branches/development/views/TeacherViews/TeacherView.php on line 8
[02-Apr-2013 11:07:13 UTC] PHP Notice:  Undefined variable: lang in /var/www/ulearn/branches/development/views/TeacherViews/TeacherView.php on line 8
[02-Apr-2013 11:07:13 UTC] PHP Notice:  Trying to get property of non-object in /var/www/ulearn/branches/development/views/TeacherViews/TeacherView.php on line 8
[02-Apr-2013 11:07:14 UTC] PHP Notice:  Undefined variable: lang in /var/www/ulearn/branches/development/views/TeacherViews/TeacherView.php on line 8
[02-Apr-2013 11:07:14 UTC] PHP Notice:  Trying to get property of non-object in /var/www/ulearn/branches/development/views/TeacherViews/TeacherView.php on line 8
[02-Apr-2013 11:07:15 UTC] PHP Notice:  Undefined variable: lang in /var/www/ulearn/branches/development/views/TeacherViews/TeacherView.php on line 8
[02-Apr-2013 11:07:15 UTC] PHP Notice:  Trying to get property of non-object in /var/www/ulearn/branches/development/views/TeacherViews/TeacherView.php on line 8
[02-Apr-2013 11:07:16 UTC] PHP Notice:  Undefined variable: lang in /var/www/ulearn/branches/development/views/TeacherViews/TeacherView.php on line 8
[02-Apr-2013 11:07:16 UTC] PHP Notice:  Trying to get property of non-object in /var/www/ulearn/branches/development/views/TeacherViews/TeacherView.php on line 8
[02-Apr-2013 11:07:16 UTC] PHP Notice:  Undefined variable: lang in /var/www/ulearn/branches/development/views/TeacherViews/TeacherView.php on line 8
[02-Apr-2013 11:07:16 UTC] PHP Notice:  Trying to get property of non-object in /var/www/ulearn/branches/development/views/TeacherViews/TeacherView.php on line 8
[02-Apr-2013 11:07:17 UTC] PHP Notice:  Undefined variable: lang in /var/www/ulearn/branches/development/views/TeacherViews/TeacherView.php on line 8
[02-Apr-2013 11:07:17 UTC] PHP Notice:  Trying to get property of non-object in /var/www/ulearn/branches/development/views/TeacherViews/TeacherView.php on line 8
[02-Apr-2013 11:07:18 UTC] PHP Notice:  Undefined variable: lang in /var/www/ulearn/branches/development/views/TeacherViews/TeacherView.php on line 8
[02-Apr-2013 11:07:18 UTC] PHP Notice:  Trying to get property of non-object in /var/www/ulearn/branches/development/views/TeacherViews/TeacherView.php on line 8
